<?xml version="1.0" encoding="utf-8"?><testsuites name="pytest tests"><testsuite name="pytest" errors="0" failures="0" skipped="0" tests="7" time="1.632" timestamp="2026-07-06T20:39:11.701720+00:00" hostname="agent-env-d1109f1b-64f4-4690-8265-a0440df35313"><testcase classname="backend.tests.test_new_features.TestBackup" name="test_backup_export_full" time="0.555" /><testcase classname="backend.tests.test_new_features.TestBackup" name="test_backup_export_requires_pin" time="0.120" /><testcase classname="backend.tests.test_new_features.TestNextVisit" name="test_client_admin_next_visit" time="0.053" /><testcase classname="backend.tests.test_new_features.TestNextVisit" name="test_public_client_next_visit" time="0.122" /><testcase classname="backend.tests.test_new_features.TestNextVisit" name="test_next_visit_null_for_low_rdv_client" time="0.051" /><testcase classname="backend.tests.test_new_features.TestProspection" name="test_prospection_analyze" time="0.596" /><testcase classname="backend.tests.test_new_features.TestProspection" name="test_prospection_validation_missing_lat" time="0.066" /></testsuite></testsuites>