<?xml version="1.0" encoding="utf-8"?><testsuites name="pytest tests"><testsuite name="pytest" errors="0" failures="0" skipped="0" tests="14" time="9.918" timestamp="2026-07-08T19:26:46.329436+00:00" hostname="agent-env-d1109f1b-64f4-4690-8265-a0440df35313"><testcase classname="tests.test_referral_timer" name="test_settings_has_referral_threshold" time="0.538" /><testcase classname="tests.test_referral_timer" name="test_settings_put_referral_threshold" time="0.117" /><testcase classname="tests.test_referral_timer" name="test_create_client_with_valid_referred_by" time="0.112" /><testcase classname="tests.test_referral_timer" name="test_create_client_with_invalid_referred_by" time="0.051" /><testcase classname="tests.test_referral_timer" name="test_update_client_self_referral_forbidden" time="0.100" /><testcase classname="tests.test_referral_timer" name="test_list_clients_returns_godchildren_count" time="0.204" /><testcase classname="tests.test_referral_timer" name="test_client_detail_referral_info" time="0.352" /><testcase classname="tests.test_referral_timer" name="test_start_timer_and_auto_duration" time="3.263" /><testcase classname="tests.test_referral_timer" name="test_start_timer_on_done_rdv_400" time="0.245" /><testcase classname="tests.test_referral_timer" name="test_manual_duration_wins_over_auto" time="2.252" /><testcase classname="tests.test_referral_timer" name="test_use_referral_reward_at_finish" time="0.504" /><testcase classname="tests.test_referral_timer" name="test_use_referral_reward_without_available_400" time="0.194" /><testcase classname="tests.test_referral_timer" name="test_public_client_space_has_referral" time="0.150" /><testcase classname="tests.test_referral_timer" name="test_analytics_has_service_time_stats" time="1.484" /></testsuite></testsuites>