<?xml version="1.0" encoding="utf-8"?><testsuites name="pytest tests"><testsuite name="pytest" errors="0" failures="0" skipped="0" tests="20" time="1.490" timestamp="2026-05-01T21:23:57.703424+00:00" hostname="agent-env-d1109f1b-64f4-4690-8265-a0440df35313"><testcase classname="backend.tests.backend_test.TestBasics" name="test_services_list" time="0.144" /><testcase classname="backend.tests.backend_test.TestBasics" name="test_settings_get" time="0.047" /><testcase classname="backend.tests.backend_test.TestBasics" name="test_dashboard" time="0.065" /><testcase classname="backend.tests.backend_test.TestBasics" name="test_accounting_months" time="0.051" /><testcase classname="backend.tests.backend_test.TestBasics" name="test_analytics" time="0.056" /><testcase classname="backend.tests.backend_test.TestSettingsPersistence" name="test_put_settings_persists" time="0.104" /><testcase classname="backend.tests.backend_test.TestSeedData" name="test_create_client" time="0.058" /><testcase classname="backend.tests.backend_test.TestSeedData" name="test_create_appointment_today" time="0.058" /><testcase classname="backend.tests.backend_test.TestSeedData" name="test_get_client_detail" time="0.051" /><testcase classname="backend.tests.backend_test.TestTour" name="test_tour_today_structure" time="0.051" /><testcase classname="backend.tests.backend_test.TestSlots" name="test_suggest_slots_basic" time="0.052" /><testcase classname="backend.tests.backend_test.TestSlots" name="test_suggest_slots_missing_date" time="0.050" /><testcase classname="backend.tests.backend_test.TestClientStatus" name="test_clients_status_returns_array_not_404" time="0.045" /><testcase classname="backend.tests.backend_test.TestInsights" name="test_insights" time="0.048" /><testcase classname="backend.tests.backend_test.TestGoals" name="test_goals_progress" time="0.049" /><testcase classname="backend.tests.backend_test.TestRelance" name="test_log_relance" time="0.096" /><testcase classname="backend.tests.backend_test.TestGeocode" name="test_geocode_empty_address" time="0.046" /><testcase classname="backend.tests.backend_test.TestGeocode" name="test_geocode_graceful" time="0.143" /><testcase classname="backend.tests.backend_test.TestGeocode" name="test_geocode_fr_addr" time="0.049" /><testcase classname="backend.tests.backend_test.TestZCleanup" name="test_cleanup" time="0.156" /></testsuite></testsuites>