<?xml version="1.0" encoding="utf-8"?><testsuites name="pytest tests"><testsuite name="pytest" errors="0" failures="0" skipped="0" tests="10" time="5.640" timestamp="2026-07-06T21:30:53.800552+00:00" hostname="agent-env-d1109f1b-64f4-4690-8265-a0440df35313"><testcase classname="tests.test_client_address.TestClientAddress" name="test_create_with_address_parts_and_coords_no_geocode" time="0.732" /><testcase classname="tests.test_client_address.TestClientAddress" name="test_create_with_address_only_triggers_geocode" time="0.526" /><testcase classname="tests.test_client_address.TestClientAddress" name="test_create_without_address_works" time="0.105" /><testcase classname="tests.test_client_address.TestClientAddress" name="test_put_with_coords_skips_geocode" time="0.252" /><testcase classname="tests.test_client_address.TestClientAddress" name="test_put_address_only_regeocodes" time="1.631" /><testcase classname="tests.test_client_address.TestRequestFlow" name="test_public_create_request" time="0.116" /><testcase classname="tests.test_client_address.TestRequestFlow" name="test_admin_counter_proposal" time="0.238" /><testcase classname="tests.test_client_address.TestRequestFlow" name="test_client_reject_counter_reopens_pending" time="0.569" /><testcase classname="tests.test_client_address.TestRequestFlow" name="test_admin_reject_request" time="0.375" /><testcase classname="tests.test_client_address.TestRequestFlow" name="test_accept_flow_creates_rdv" time="1.026" /></testsuite></testsuites>