<?xml version="1.0" encoding="utf-8"?><testsuites name="pytest tests"><testsuite name="pytest" errors="0" failures="0" skipped="0" tests="19" time="3.873" timestamp="2026-04-22T10:40:28.322136+00:00" hostname="agent-env-d1109f1b-64f4-4690-8265-a0440df35313"><testcase classname="backend.tests.backend_test" name="test_auth_me" time="0.243" /><testcase classname="backend.tests.backend_test" name="test_auth_unauthorized" time="0.130" /><testcase classname="backend.tests.backend_test" name="test_settings_get" time="0.053" /><testcase classname="backend.tests.backend_test" name="test_settings_put" time="0.052" /><testcase classname="backend.tests.backend_test" name="test_services_seeded" time="0.051" /><testcase classname="backend.tests.backend_test" name="test_services_crud" time="0.154" /><testcase classname="backend.tests.backend_test" name="test_clients_get" time="0.110" /><testcase classname="backend.tests.backend_test" name="test_clients_update" time="0.051" /><testcase classname="backend.tests.backend_test" name="test_appointment_family_pack_and_fuel" time="0.158" /><testcase classname="backend.tests.backend_test" name="test_appointment_fuel_tiers[0-0]" time="0.102" /><testcase classname="backend.tests.backend_test" name="test_appointment_fuel_tiers[9-0]" time="0.105" /><testcase classname="backend.tests.backend_test" name="test_appointment_fuel_tiers[10-2.5]" time="0.101" /><testcase classname="backend.tests.backend_test" name="test_appointment_fuel_tiers[22-5.0]" time="0.103" /><testcase classname="backend.tests.backend_test" name="test_appointment_price_override" time="0.098" /><testcase classname="backend.tests.backend_test" name="test_appointment_update_and_finish_and_double_finish" time="0.304" /><testcase classname="backend.tests.backend_test" name="test_loyalty_5_paid_then_gift_resets" time="1.080" /><testcase classname="backend.tests.backend_test" name="test_stock_crud_and_alerts" time="0.205" /><testcase classname="backend.tests.backend_test" name="test_accounting_urssaf_ceil" time="0.517" /><testcase classname="backend.tests.backend_test" name="test_dashboard" time="0.120" /></testsuite></testsuites>