<?xml version="1.0" encoding="utf-8"?><testsuites name="pytest tests"><testsuite name="pytest" errors="0" failures="0" skipped="0" tests="6" time="3.297" timestamp="2026-07-06T21:41:07.212609+00:00" hostname="agent-env-d1109f1b-64f4-4690-8265-a0440df35313"><testcase classname="tests.test_retest_iter8.TestSophieAddressParts" name="test_sophie_get_has_address_and_parts" time="0.594" /><testcase classname="tests.test_retest_iter8.TestSophieAddressParts" name="test_put_new_address_then_get_reloads_parts" time="0.549" /><testcase classname="tests.test_retest_iter8.TestSophieAddressParts" name="test_other_fields_persist_alongside_address" time="0.459" /><testcase classname="tests.test_retest_iter8.TestProspectionRadius" name="test_radius_50_accepted" time="0.643" /><testcase classname="tests.test_retest_iter8.TestProspectionRadius" name="test_radius_60_clamped_to_50" time="0.498" /><testcase classname="tests.test_retest_iter8.TestProspectionRadius" name="test_radius_zero_rejected_or_clamped" time="0.489" /></testsuite></testsuites>