<?xml version="1.0" encoding="utf-8"?><testsuites name="pytest tests"><testsuite name="pytest" errors="0" failures="0" skipped="0" tests="43" time="5.387" timestamp="2026-07-06T21:14:42.689671+00:00" hostname="agent-env-d1109f1b-64f4-4690-8265-a0440df35313"><testcase classname="tests.backend_test.TestBasics" name="test_services_list" time="0.634" /><testcase classname="tests.backend_test.TestBasics" name="test_settings_get" time="0.045" /><testcase classname="tests.backend_test.TestBasics" name="test_dashboard" time="0.059" /><testcase classname="tests.backend_test.TestBasics" name="test_accounting_months" time="0.049" /><testcase classname="tests.backend_test.TestBasics" name="test_analytics" time="0.046" /><testcase classname="tests.backend_test.TestSettingsPersistence" name="test_put_settings_persists" time="0.099" /><testcase classname="tests.backend_test.TestSeedData" name="test_create_client" time="0.046" /><testcase classname="tests.backend_test.TestSeedData" name="test_create_appointment_today" time="0.151" /><testcase classname="tests.backend_test.TestSeedData" name="test_get_client_detail" time="0.087" /><testcase classname="tests.backend_test.TestTour" name="test_tour_today_structure" time="0.047" /><testcase classname="tests.backend_test.TestSlots" name="test_suggest_slots_basic" time="0.049" /><testcase classname="tests.backend_test.TestSlots" name="test_suggest_slots_missing_date" time="0.046" /><testcase classname="tests.backend_test.TestClientStatus" name="test_clients_status_returns_array_not_404" time="0.047" /><testcase classname="tests.backend_test.TestInsights" name="test_insights" time="0.048" /><testcase classname="tests.backend_test.TestGoals" name="test_goals_progress" time="0.047" /><testcase classname="tests.backend_test.TestRelance" name="test_log_relance" time="0.049" /><testcase classname="tests.backend_test.TestGeocode" name="test_geocode_empty_address" time="0.042" /><testcase classname="tests.backend_test.TestGeocode" name="test_geocode_graceful" time="0.046" /><testcase classname="tests.backend_test.TestGeocode" name="test_geocode_fr_addr" time="0.047" /><testcase classname="tests.backend_test.TestZCleanup" name="test_cleanup" time="0.175" /><testcase classname="tests.test_geocoding" name="test_normalize_address_collapses_spaces_and_accents" time="0.000" /><testcase classname="tests.test_geocoding" name="test_resolve_empty_address_returns_error_dict" time="0.000" /><testcase classname="tests.test_geocoding" name="test_resolve_uses_cache_for_normalized_match" time="0.008" /><testcase classname="tests.test_geocoding" name="test_resolve_handles_nominatim_error_without_persisting" time="0.002" /><testcase classname="tests.test_geocoding" name="test_resolve_persists_not_found_marker" time="0.003" /><testcase classname="tests.test_new_features.TestBackup" name="test_backup_export_full" time="0.514" /><testcase classname="tests.test_new_features.TestBackup" name="test_backup_export_requires_pin" time="0.123" /><testcase classname="tests.test_new_features.TestNextVisit" name="test_client_admin_next_visit" time="0.053" /><testcase classname="tests.test_new_features.TestNextVisit" name="test_public_client_next_visit" time="0.122" /><testcase classname="tests.test_new_features.TestNextVisit" name="test_next_visit_null_for_low_rdv_client" time="0.048" /><testcase classname="tests.test_new_features.TestProspection" name="test_prospection_analyze" time="0.602" /><testcase classname="tests.test_new_features.TestProspection" name="test_prospection_validation_missing_lat" time="0.048" /><testcase classname="tests.test_session3_features.TestReminders" name="test_tomorrow_shape_and_existing_sent" time="0.384" /><testcase classname="tests.test_session3_features.TestReminders" name="test_new_tomorrow_rdv_sent_false_then_marked" time="0.326" /><testcase classname="tests.test_session3_features.TestReminders" name="test_mark_sent_404" time="0.048" /><testcase classname="tests.test_session3_features.TestRecurrence" name="test_schedule_next_5_weeks" time="0.100" /><testcase classname="tests.test_session3_features.TestRecurrence" name="test_schedule_next_clamps_weeks" time="0.157" /><testcase classname="tests.test_session3_features.TestRecurrence" name="test_schedule_next_404" time="0.047" /><testcase classname="tests.test_session3_features.TestDeposit" name="test_sophie_has_deposit_required" time="0.050" /><testcase classname="tests.test_session3_features.TestDeposit" name="test_update_deposit_persists" time="0.201" /><testcase classname="tests.test_session3_features.TestSettings" name="test_get_has_reminder_template" time="0.056" /><testcase classname="tests.test_session3_features.TestSettings" name="test_put_persists_template" time="0.189" /><testcase classname="tests.test_session3_features" name="test_zz_cleanup" time="0.236" /></testsuite></testsuites>