<?xml version="1.0" encoding="utf-8"?><testsuites name="pytest tests"><testsuite name="pytest" errors="0" failures="0" skipped="0" tests="11" time="1.900" timestamp="2026-07-06T21:01:40.946628+00:00" hostname="agent-env-d1109f1b-64f4-4690-8265-a0440df35313"><testcase classname="backend.tests.test_session3_features.TestReminders" name="test_tomorrow_shape_and_existing_sent" time="0.413" /><testcase classname="backend.tests.test_session3_features.TestReminders" name="test_new_tomorrow_rdv_sent_false_then_marked" time="0.301" /><testcase classname="backend.tests.test_session3_features.TestReminders" name="test_mark_sent_404" time="0.051" /><testcase classname="backend.tests.test_session3_features.TestRecurrence" name="test_schedule_next_5_weeks" time="0.130" /><testcase classname="backend.tests.test_session3_features.TestRecurrence" name="test_schedule_next_clamps_weeks" time="0.160" /><testcase classname="backend.tests.test_session3_features.TestRecurrence" name="test_schedule_next_404" time="0.052" /><testcase classname="backend.tests.test_session3_features.TestDeposit" name="test_sophie_has_deposit_required" time="0.054" /><testcase classname="backend.tests.test_session3_features.TestDeposit" name="test_update_deposit_persists" time="0.210" /><testcase classname="backend.tests.test_session3_features.TestSettings" name="test_get_has_reminder_template" time="0.047" /><testcase classname="backend.tests.test_session3_features.TestSettings" name="test_put_persists_template" time="0.197" /><testcase classname="backend.tests.test_session3_features" name="test_zz_cleanup" time="0.219" /></testsuite></testsuites>